<?xml version="1.0" encoding="UTF-8"?>
<testsuite xmlns:xsi="http://www.w3.org/2001/XMLSchema-instance" xsi:noNamespaceSchemaLocation="https://maven.apache.org/surefire/maven-surefire-plugin/xsd/surefire-test-report.xsd" name="Search and Place the order for Products" time="41.447" tests="2" errors="0" skipped="0" failures="1">
  <properties>
    <property name="sun.desktop" value="windows"/>
    <property name="awt.toolkit" value="sun.awt.windows.WToolkit"/>
    <property name="file.encoding.pkg" value="sun.io"/>
    <property name="java.specification.version" value="1.8"/>
    <property name="webdriver.chrome.driver" value="D:\CucumberPractise\Cucumber_Junit//src//test//resources//chromedriver.exe"/>
    <property name="sun.cpu.isalist" value="amd64"/>
    <property name="sun.jnu.encoding" value="Cp1252"/>
    <property name="java.class.path" value="D:\CucumberPractise\Cucumber_Junit\target\test-classes;D:\CucumberPractise\Cucumber_Junit\target\classes;D:\Users\Temp\.m2\repository\io\cucumber\cucumber-java\7.2.3\cucumber-java-7.2.3.jar;D:\Users\Temp\.m2\repository\io\cucumber\cucumber-core\7.2.3\cucumber-core-7.2.3.jar;D:\Users\Temp\.m2\repository\io\cucumber\cucumber-gherkin\7.2.3\cucumber-gherkin-7.2.3.jar;D:\Users\Temp\.m2\repository\io\cucumber\cucumber-gherkin-messages\7.2.3\cucumber-gherkin-messages-7.2.3.jar;D:\Users\Temp\.m2\repository\io\cucumber\messages\17.1.1\messages-17.1.1.jar;D:\Users\Temp\.m2\repository\io\cucumber\tag-expressions\4.1.0\tag-expressions-4.1.0.jar;D:\Users\Temp\.m2\repository\io\cucumber\cucumber-expressions\15.0.1\cucumber-expressions-15.0.1.jar;D:\Users\Temp\.m2\repository\io\cucumber\datatable\7.2.3\datatable-7.2.3.jar;D:\Users\Temp\.m2\repository\io\cucumber\cucumber-plugin\7.2.3\cucumber-plugin-7.2.3.jar;D:\Users\Temp\.m2\repository\io\cucumber\docstring\7.2.3\docstring-7.2.3.jar;D:\Users\Temp\.m2\repository\io\cucumber\html-formatter\17.0.0\html-formatter-17.0.0.jar;D:\Users\Temp\.m2\repository\io\cucumber\ci-environment\8.1.0\ci-environment-8.1.0.jar;D:\Users\Temp\.m2\repository\org\apiguardian\apiguardian-api\1.1.2\apiguardian-api-1.1.2.jar;D:\Users\Temp\.m2\repository\io\cucumber\cucumber-junit\7.2.3\cucumber-junit-7.2.3.jar;D:\Users\Temp\.m2\repository\junit\junit\4.13.2\junit-4.13.2.jar;D:\Users\Temp\.m2\repository\org\hamcrest\hamcrest-core\1.3\hamcrest-core-1.3.jar;D:\Users\Temp\.m2\repository\org\seleniumhq\selenium\selenium-java\4.1.1\selenium-java-4.1.1.jar;D:\Users\Temp\.m2\repository\org\seleniumhq\selenium\selenium-api\4.1.1\selenium-api-4.1.1.jar;D:\Users\Temp\.m2\repository\org\seleniumhq\selenium\selenium-chrome-driver\4.1.1\selenium-chrome-driver-4.1.1.jar;D:\Users\Temp\.m2\repository\com\google\auto\service\auto-service-annotations\1.0.1\auto-service-annotations-1.0.1.jar;D:\Users\Temp\.m2\repository\com\google\auto\service\auto-service\1.0.1\auto-service-1.0.1.jar;D:\Users\Temp\.m2\repository\com\google\auto\auto-common\1.2\auto-common-1.2.jar;D:\Users\Temp\.m2\repository\com\google\guava\guava\31.0.1-jre\guava-31.0.1-jre.jar;D:\Users\Temp\.m2\repository\com\google\guava\failureaccess\1.0.1\failureaccess-1.0.1.jar;D:\Users\Temp\.m2\repository\com\google\guava\listenablefuture\9999.0-empty-to-avoid-conflict-with-guava\listenablefuture-9999.0-empty-to-avoid-conflict-with-guava.jar;D:\Users\Temp\.m2\repository\com\google\code\findbugs\jsr305\3.0.2\jsr305-3.0.2.jar;D:\Users\Temp\.m2\repository\org\checkerframework\checker-qual\3.12.0\checker-qual-3.12.0.jar;D:\Users\Temp\.m2\repository\com\google\errorprone\error_prone_annotations\2.7.1\error_prone_annotations-2.7.1.jar;D:\Users\Temp\.m2\repository\com\google\j2objc\j2objc-annotations\1.3\j2objc-annotations-1.3.jar;D:\Users\Temp\.m2\repository\org\seleniumhq\selenium\selenium-chromium-driver\4.1.1\selenium-chromium-driver-4.1.1.jar;D:\Users\Temp\.m2\repository\org\seleniumhq\selenium\selenium-json\4.1.1\selenium-json-4.1.1.jar;D:\Users\Temp\.m2\repository\org\seleniumhq\selenium\selenium-devtools-v85\4.1.1\selenium-devtools-v85-4.1.1.jar;D:\Users\Temp\.m2\repository\org\seleniumhq\selenium\selenium-devtools-v94\4.1.1\selenium-devtools-v94-4.1.1.jar;D:\Users\Temp\.m2\repository\org\seleniumhq\selenium\selenium-devtools-v95\4.1.1\selenium-devtools-v95-4.1.1.jar;D:\Users\Temp\.m2\repository\org\seleniumhq\selenium\selenium-devtools-v96\4.1.1\selenium-devtools-v96-4.1.1.jar;D:\Users\Temp\.m2\repository\org\seleniumhq\selenium\selenium-edge-driver\4.1.1\selenium-edge-driver-4.1.1.jar;D:\Users\Temp\.m2\repository\org\seleniumhq\selenium\selenium-firefox-driver\4.1.1\selenium-firefox-driver-4.1.1.jar;D:\Users\Temp\.m2\repository\org\seleniumhq\selenium\selenium-firefox-xpi-driver\4.1.1\selenium-firefox-xpi-driver-4.1.1.jar;D:\Users\Temp\.m2\repository\org\seleniumhq\selenium\selenium-ie-driver\4.1.1\selenium-ie-driver-4.1.1.jar;D:\Users\Temp\.m2\repository\org\seleniumhq\selenium\selenium-opera-driver\4.1.1\selenium-opera-driver-4.1.1.jar;D:\Users\Temp\.m2\repository\org\seleniumhq\selenium\selenium-remote-driver\4.1.1\selenium-remote-driver-4.1.1.jar;D:\Users\Temp\.m2\repository\com\beust\jcommander\1.81\jcommander-1.81.jar;D:\Users\Temp\.m2\repository\io\netty\netty-buffer\4.1.70.Final\netty-buffer-4.1.70.Final.jar;D:\Users\Temp\.m2\repository\io\netty\netty-codec-http\4.1.70.Final\netty-codec-http-4.1.70.Final.jar;D:\Users\Temp\.m2\repository\io\netty\netty-codec\4.1.70.Final\netty-codec-4.1.70.Final.jar;D:\Users\Temp\.m2\repository\io\netty\netty-handler\4.1.70.Final\netty-handler-4.1.70.Final.jar;D:\Users\Temp\.m2\repository\io\netty\netty-common\4.1.70.Final\netty-common-4.1.70.Final.jar;D:\Users\Temp\.m2\repository\io\netty\netty-transport-classes-epoll\4.1.70.Final\netty-transport-classes-epoll-4.1.70.Final.jar;D:\Users\Temp\.m2\repository\io\netty\netty-transport-classes-kqueue\4.1.70.Final\netty-transport-classes-kqueue-4.1.70.Final.jar;D:\Users\Temp\.m2\repository\io\netty\netty-transport-native-unix-common\4.1.70.Final\netty-transport-native-unix-common-4.1.70.Final.jar;D:\Users\Temp\.m2\repository\io\netty\netty-transport\4.1.70.Final\netty-transport-4.1.70.Final.jar;D:\Users\Temp\.m2\repository\io\netty\netty-resolver\4.1.70.Final\netty-resolver-4.1.70.Final.jar;D:\Users\Temp\.m2\repository\io\opentelemetry\opentelemetry-api\1.9.1\opentelemetry-api-1.9.1.jar;D:\Users\Temp\.m2\repository\io\opentelemetry\opentelemetry-context\1.9.1\opentelemetry-context-1.9.1.jar;D:\Users\Temp\.m2\repository\io\opentelemetry\opentelemetry-exporter-logging\1.9.1\opentelemetry-exporter-logging-1.9.1.jar;D:\Users\Temp\.m2\repository\io\opentelemetry\opentelemetry-sdk-metrics\1.9.1-alpha\opentelemetry-sdk-metrics-1.9.1-alpha.jar;D:\Users\Temp\.m2\repository\io\opentelemetry\opentelemetry-sdk-logs\1.9.1-alpha\opentelemetry-sdk-logs-1.9.1-alpha.jar;D:\Users\Temp\.m2\repository\com\fasterxml\jackson\core\jackson-databind\2.13.0\jackson-databind-2.13.0.jar;D:\Users\Temp\.m2\repository\com\fasterxml\jackson\core\jackson-annotations\2.13.0\jackson-annotations-2.13.0.jar;D:\Users\Temp\.m2\repository\com\fasterxml\jackson\core\jackson-core\2.13.0\jackson-core-2.13.0.jar;D:\Users\Temp\.m2\repository\io\opentelemetry\opentelemetry-sdk-common\1.9.1\opentelemetry-sdk-common-1.9.1.jar;D:\Users\Temp\.m2\repository\io\opentelemetry\opentelemetry-sdk-extension-autoconfigure-spi\1.9.1\opentelemetry-sdk-extension-autoconfigure-spi-1.9.1.jar;D:\Users\Temp\.m2\repository\io\opentelemetry\opentelemetry-sdk-extension-autoconfigure\1.9.1-alpha\opentelemetry-sdk-extension-autoconfigure-1.9.1-alpha.jar;D:\Users\Temp\.m2\repository\io\opentelemetry\opentelemetry-sdk-trace\1.9.1\opentelemetry-sdk-trace-1.9.1.jar;D:\Users\Temp\.m2\repository\io\opentelemetry\opentelemetry-api-metrics\1.9.1-alpha\opentelemetry-api-metrics-1.9.1-alpha.jar;D:\Users\Temp\.m2\repository\io\opentelemetry\opentelemetry-sdk\1.9.1\opentelemetry-sdk-1.9.1.jar;D:\Users\Temp\.m2\repository\io\opentelemetry\opentelemetry-semconv\1.9.1-alpha\opentelemetry-semconv-1.9.1-alpha.jar;D:\Users\Temp\.m2\repository\io\ous\jtoml\2.0.0\jtoml-2.0.0.jar;D:\Users\Temp\.m2\repository\net\bytebuddy\byte-buddy\1.12.2\byte-buddy-1.12.2.jar;D:\Users\Temp\.m2\repository\org\apache\commons\commons-exec\1.3\commons-exec-1.3.jar;D:\Users\Temp\.m2\repository\org\asynchttpclient\async-http-client\2.12.3\async-http-client-2.12.3.jar;D:\Users\Temp\.m2\repository\org\asynchttpclient\async-http-client-netty-utils\2.12.3\async-http-client-netty-utils-2.12.3.jar;D:\Users\Temp\.m2\repository\io\netty\netty-codec-socks\4.1.60.Final\netty-codec-socks-4.1.60.Final.jar;D:\Users\Temp\.m2\repository\io\netty\netty-handler-proxy\4.1.60.Final\netty-handler-proxy-4.1.60.Final.jar;D:\Users\Temp\.m2\repository\io\netty\netty-transport-native-epoll\4.1.60.Final\netty-transport-native-epoll-4.1.60.Final-linux-x86_64.jar;D:\Users\Temp\.m2\repository\io\netty\netty-transport-native-kqueue\4.1.60.Final\netty-transport-native-kqueue-4.1.60.Final-osx-x86_64.jar;D:\Users\Temp\.m2\repository\com\typesafe\netty\netty-reactive-streams\2.0.4\netty-reactive-streams-2.0.4.jar;D:\Users\Temp\.m2\repository\org\slf4j\slf4j-api\1.7.30\slf4j-api-1.7.30.jar;D:\Users\Temp\.m2\repository\com\sun\activation\jakarta.activation\1.2.2\jakarta.activation-1.2.2.jar;D:\Users\Temp\.m2\repository\org\seleniumhq\selenium\selenium-http\4.1.1\selenium-http-4.1.1.jar;D:\Users\Temp\.m2\repository\net\jodah\failsafe\2.4.4\failsafe-2.4.4.jar;D:\Users\Temp\.m2\repository\org\seleniumhq\selenium\selenium-safari-driver\4.1.1\selenium-safari-driver-4.1.1.jar;D:\Users\Temp\.m2\repository\org\seleniumhq\selenium\selenium-support\4.1.1\selenium-support-4.1.1.jar;D:\Users\Temp\.m2\repository\io\cucumber\cucumber-picocontainer\7.2.3\cucumber-picocontainer-7.2.3.jar;D:\Users\Temp\.m2\repository\org\picocontainer\picocontainer\2.15\picocontainer-2.15.jar;D:\Users\Temp\.m2\repository\com\aventstack\extentreports\5.0.9\extentreports-5.0.9.jar;D:\Users\Temp\.m2\repository\io\reactivex\rxjava3\rxjava\3.0.4\rxjava-3.0.4.jar;D:\Users\Temp\.m2\repository\org\reactivestreams\reactive-streams\1.0.3\reactive-streams-1.0.3.jar;D:\Users\Temp\.m2\repository\org\freemarker\freemarker\2.3.30\freemarker-2.3.30.jar;D:\Users\Temp\.m2\repository\org\projectlombok\lombok\1.18.12\lombok-1.18.12.jar;D:\Users\Temp\.m2\repository\com\google\code\gson\gson\2.8.6\gson-2.8.6.jar;D:\Users\Temp\.m2\repository\tech\grasshopper\extentreports-cucumber7-adapter\1.2.0\extentreports-cucumber7-adapter-1.2.0.jar;D:\Users\Temp\.m2\repository\tech\grasshopper\extent-pdf-report\1.7.4\extent-pdf-report-1.7.4.jar;D:\Users\Temp\.m2\repository\tech\grasshopper\cucumber-pdf-report\2.2.4\cucumber-pdf-report-2.2.4.jar;D:\Users\Temp\.m2\repository\org\apache\pdfbox\pdfbox\2.0.22\pdfbox-2.0.22.jar;D:\Users\Temp\.m2\repository\org\apache\pdfbox\fontbox\2.0.22\fontbox-2.0.22.jar;D:\Users\Temp\.m2\repository\org\knowm\xchart\xchart\3.8.0\xchart-3.8.0.jar;D:\Users\Temp\.m2\repository\de\erichseifert\vectorgraphics2d\VectorGraphics2D\0.13\VectorGraphics2D-0.13.jar;D:\Users\Temp\.m2\repository\de\rototor\pdfbox\graphics2d\0.30\graphics2d-0.30.jar;D:\Users\Temp\.m2\repository\com\madgag\animated-gif-lib\1.4\animated-gif-lib-1.4.jar;D:\Users\Temp\.m2\repository\org\yaml\snakeyaml\1.28\snakeyaml-1.28.jar;D:\Users\Temp\.m2\repository\tech\grasshopper\table-layout\1.2.0\table-layout-1.2.0.jar;D:\Users\Temp\.m2\repository\org\jsoup\jsoup\1.13.1\jsoup-1.13.1.jar;D:\Users\Temp\.m2\repository\com\aventstack\klov-reporter\5.0.9\klov-reporter-5.0.9.jar;D:\Users\Temp\.m2\repository\org\mongodb\mongodb-driver\3.6.4\mongodb-driver-3.6.4.jar;D:\Users\Temp\.m2\repository\org\mongodb\mongodb-driver-core\3.6.4\mongodb-driver-core-3.6.4.jar;D:\Users\Temp\.m2\repository\org\mongodb\bson\3.6.4\bson-3.6.4.jar;D:\Users\Temp\.m2\repository\org\apache\httpcomponents\httpclient\4.5.13\httpclient-4.5.13.jar;D:\Users\Temp\.m2\repository\org\apache\httpcomponents\httpcore\4.4.13\httpcore-4.4.13.jar;D:\Users\Temp\.m2\repository\commons-logging\commons-logging\1.2\commons-logging-1.2.jar;D:\Users\Temp\.m2\repository\commons-codec\commons-codec\1.11\commons-codec-1.11.jar;D:\Users\Temp\.m2\repository\org\apache\httpcomponents\httpmime\4.5.13\httpmime-4.5.13.jar;D:\Users\Temp\.m2\repository\tech\grasshopper\htmlextentreporter\1.0.0\htmlextentreporter-1.0.0.jar;D:\Users\Temp\.m2\repository\commons-io\commons-io\2.11.0\commons-io-2.11.0.jar;"/>
    <property name="java.vm.vendor" value="Oracle Corporation"/>
    <property name="sun.arch.data.model" value="64"/>
    <property name="user.variant" value=""/>
    <property name="java.vendor.url" value="http://java.oracle.com/"/>
    <property name="user.timezone" value="Asia/Calcutta"/>
    <property name="java.vm.specification.version" value="1.8"/>
    <property name="os.name" value="Windows 10"/>
    <property name="user.country" value="IN"/>
    <property name="sun.java.launcher" value="SUN_STANDARD"/>
    <property name="sun.boot.library.path" value="C:\Program Files\Java\jdk1.8.0_221\jre\bin"/>
    <property name="sun.java.command" value="D:\Users\Temp\AppData\Local\Temp\surefire4639720742165216899\surefirebooter5738984093188601307.jar D:\Users\Temp\AppData\Local\Temp\surefire4639720742165216899 2022-03-30T13-17-25_911-jvmRun1 surefire1016670721656907527tmp surefire_06964558819476888958tmp"/>
    <property name="surefire.test.class.path" value="D:\CucumberPractise\Cucumber_Junit\target\test-classes;D:\CucumberPractise\Cucumber_Junit\target\classes;D:\Users\Temp\.m2\repository\io\cucumber\cucumber-java\7.2.3\cucumber-java-7.2.3.jar;D:\Users\Temp\.m2\repository\io\cucumber\cucumber-core\7.2.3\cucumber-core-7.2.3.jar;D:\Users\Temp\.m2\repository\io\cucumber\cucumber-gherkin\7.2.3\cucumber-gherkin-7.2.3.jar;D:\Users\Temp\.m2\repository\io\cucumber\cucumber-gherkin-messages\7.2.3\cucumber-gherkin-messages-7.2.3.jar;D:\Users\Temp\.m2\repository\io\cucumber\messages\17.1.1\messages-17.1.1.jar;D:\Users\Temp\.m2\repository\io\cucumber\tag-expressions\4.1.0\tag-expressions-4.1.0.jar;D:\Users\Temp\.m2\repository\io\cucumber\cucumber-expressions\15.0.1\cucumber-expressions-15.0.1.jar;D:\Users\Temp\.m2\repository\io\cucumber\datatable\7.2.3\datatable-7.2.3.jar;D:\Users\Temp\.m2\repository\io\cucumber\cucumber-plugin\7.2.3\cucumber-plugin-7.2.3.jar;D:\Users\Temp\.m2\repository\io\cucumber\docstring\7.2.3\docstring-7.2.3.jar;D:\Users\Temp\.m2\repository\io\cucumber\html-formatter\17.0.0\html-formatter-17.0.0.jar;D:\Users\Temp\.m2\repository\io\cucumber\ci-environment\8.1.0\ci-environment-8.1.0.jar;D:\Users\Temp\.m2\repository\org\apiguardian\apiguardian-api\1.1.2\apiguardian-api-1.1.2.jar;D:\Users\Temp\.m2\repository\io\cucumber\cucumber-junit\7.2.3\cucumber-junit-7.2.3.jar;D:\Users\Temp\.m2\repository\junit\junit\4.13.2\junit-4.13.2.jar;D:\Users\Temp\.m2\repository\org\hamcrest\hamcrest-core\1.3\hamcrest-core-1.3.jar;D:\Users\Temp\.m2\repository\org\seleniumhq\selenium\selenium-java\4.1.1\selenium-java-4.1.1.jar;D:\Users\Temp\.m2\repository\org\seleniumhq\selenium\selenium-api\4.1.1\selenium-api-4.1.1.jar;D:\Users\Temp\.m2\repository\org\seleniumhq\selenium\selenium-chrome-driver\4.1.1\selenium-chrome-driver-4.1.1.jar;D:\Users\Temp\.m2\repository\com\google\auto\service\auto-service-annotations\1.0.1\auto-service-annotations-1.0.1.jar;D:\Users\Temp\.m2\repository\com\google\auto\service\auto-service\1.0.1\auto-service-1.0.1.jar;D:\Users\Temp\.m2\repository\com\google\auto\auto-common\1.2\auto-common-1.2.jar;D:\Users\Temp\.m2\repository\com\google\guava\guava\31.0.1-jre\guava-31.0.1-jre.jar;D:\Users\Temp\.m2\repository\com\google\guava\failureaccess\1.0.1\failureaccess-1.0.1.jar;D:\Users\Temp\.m2\repository\com\google\guava\listenablefuture\9999.0-empty-to-avoid-conflict-with-guava\listenablefuture-9999.0-empty-to-avoid-conflict-with-guava.jar;D:\Users\Temp\.m2\repository\com\google\code\findbugs\jsr305\3.0.2\jsr305-3.0.2.jar;D:\Users\Temp\.m2\repository\org\checkerframework\checker-qual\3.12.0\checker-qual-3.12.0.jar;D:\Users\Temp\.m2\repository\com\google\errorprone\error_prone_annotations\2.7.1\error_prone_annotations-2.7.1.jar;D:\Users\Temp\.m2\repository\com\google\j2objc\j2objc-annotations\1.3\j2objc-annotations-1.3.jar;D:\Users\Temp\.m2\repository\org\seleniumhq\selenium\selenium-chromium-driver\4.1.1\selenium-chromium-driver-4.1.1.jar;D:\Users\Temp\.m2\repository\org\seleniumhq\selenium\selenium-json\4.1.1\selenium-json-4.1.1.jar;D:\Users\Temp\.m2\repository\org\seleniumhq\selenium\selenium-devtools-v85\4.1.1\selenium-devtools-v85-4.1.1.jar;D:\Users\Temp\.m2\repository\org\seleniumhq\selenium\selenium-devtools-v94\4.1.1\selenium-devtools-v94-4.1.1.jar;D:\Users\Temp\.m2\repository\org\seleniumhq\selenium\selenium-devtools-v95\4.1.1\selenium-devtools-v95-4.1.1.jar;D:\Users\Temp\.m2\repository\org\seleniumhq\selenium\selenium-devtools-v96\4.1.1\selenium-devtools-v96-4.1.1.jar;D:\Users\Temp\.m2\repository\org\seleniumhq\selenium\selenium-edge-driver\4.1.1\selenium-edge-driver-4.1.1.jar;D:\Users\Temp\.m2\repository\org\seleniumhq\selenium\selenium-firefox-driver\4.1.1\selenium-firefox-driver-4.1.1.jar;D:\Users\Temp\.m2\repository\org\seleniumhq\selenium\selenium-firefox-xpi-driver\4.1.1\selenium-firefox-xpi-driver-4.1.1.jar;D:\Users\Temp\.m2\repository\org\seleniumhq\selenium\selenium-ie-driver\4.1.1\selenium-ie-driver-4.1.1.jar;D:\Users\Temp\.m2\repository\org\seleniumhq\selenium\selenium-opera-driver\4.1.1\selenium-opera-driver-4.1.1.jar;D:\Users\Temp\.m2\repository\org\seleniumhq\selenium\selenium-remote-driver\4.1.1\selenium-remote-driver-4.1.1.jar;D:\Users\Temp\.m2\repository\com\beust\jcommander\1.81\jcommander-1.81.jar;D:\Users\Temp\.m2\repository\io\netty\netty-buffer\4.1.70.Final\netty-buffer-4.1.70.Final.jar;D:\Users\Temp\.m2\repository\io\netty\netty-codec-http\4.1.70.Final\netty-codec-http-4.1.70.Final.jar;D:\Users\Temp\.m2\repository\io\netty\netty-codec\4.1.70.Final\netty-codec-4.1.70.Final.jar;D:\Users\Temp\.m2\repository\io\netty\netty-handler\4.1.70.Final\netty-handler-4.1.70.Final.jar;D:\Users\Temp\.m2\repository\io\netty\netty-common\4.1.70.Final\netty-common-4.1.70.Final.jar;D:\Users\Temp\.m2\repository\io\netty\netty-transport-classes-epoll\4.1.70.Final\netty-transport-classes-epoll-4.1.70.Final.jar;D:\Users\Temp\.m2\repository\io\netty\netty-transport-classes-kqueue\4.1.70.Final\netty-transport-classes-kqueue-4.1.70.Final.jar;D:\Users\Temp\.m2\repository\io\netty\netty-transport-native-unix-common\4.1.70.Final\netty-transport-native-unix-common-4.1.70.Final.jar;D:\Users\Temp\.m2\repository\io\netty\netty-transport\4.1.70.Final\netty-transport-4.1.70.Final.jar;D:\Users\Temp\.m2\repository\io\netty\netty-resolver\4.1.70.Final\netty-resolver-4.1.70.Final.jar;D:\Users\Temp\.m2\repository\io\opentelemetry\opentelemetry-api\1.9.1\opentelemetry-api-1.9.1.jar;D:\Users\Temp\.m2\repository\io\opentelemetry\opentelemetry-context\1.9.1\opentelemetry-context-1.9.1.jar;D:\Users\Temp\.m2\repository\io\opentelemetry\opentelemetry-exporter-logging\1.9.1\opentelemetry-exporter-logging-1.9.1.jar;D:\Users\Temp\.m2\repository\io\opentelemetry\opentelemetry-sdk-metrics\1.9.1-alpha\opentelemetry-sdk-metrics-1.9.1-alpha.jar;D:\Users\Temp\.m2\repository\io\opentelemetry\opentelemetry-sdk-logs\1.9.1-alpha\opentelemetry-sdk-logs-1.9.1-alpha.jar;D:\Users\Temp\.m2\repository\com\fasterxml\jackson\core\jackson-databind\2.13.0\jackson-databind-2.13.0.jar;D:\Users\Temp\.m2\repository\com\fasterxml\jackson\core\jackson-annotations\2.13.0\jackson-annotations-2.13.0.jar;D:\Users\Temp\.m2\repository\com\fasterxml\jackson\core\jackson-core\2.13.0\jackson-core-2.13.0.jar;D:\Users\Temp\.m2\repository\io\opentelemetry\opentelemetry-sdk-common\1.9.1\opentelemetry-sdk-common-1.9.1.jar;D:\Users\Temp\.m2\repository\io\opentelemetry\opentelemetry-sdk-extension-autoconfigure-spi\1.9.1\opentelemetry-sdk-extension-autoconfigure-spi-1.9.1.jar;D:\Users\Temp\.m2\repository\io\opentelemetry\opentelemetry-sdk-extension-autoconfigure\1.9.1-alpha\opentelemetry-sdk-extension-autoconfigure-1.9.1-alpha.jar;D:\Users\Temp\.m2\repository\io\opentelemetry\opentelemetry-sdk-trace\1.9.1\opentelemetry-sdk-trace-1.9.1.jar;D:\Users\Temp\.m2\repository\io\opentelemetry\opentelemetry-api-metrics\1.9.1-alpha\opentelemetry-api-metrics-1.9.1-alpha.jar;D:\Users\Temp\.m2\repository\io\opentelemetry\opentelemetry-sdk\1.9.1\opentelemetry-sdk-1.9.1.jar;D:\Users\Temp\.m2\repository\io\opentelemetry\opentelemetry-semconv\1.9.1-alpha\opentelemetry-semconv-1.9.1-alpha.jar;D:\Users\Temp\.m2\repository\io\ous\jtoml\2.0.0\jtoml-2.0.0.jar;D:\Users\Temp\.m2\repository\net\bytebuddy\byte-buddy\1.12.2\byte-buddy-1.12.2.jar;D:\Users\Temp\.m2\repository\org\apache\commons\commons-exec\1.3\commons-exec-1.3.jar;D:\Users\Temp\.m2\repository\org\asynchttpclient\async-http-client\2.12.3\async-http-client-2.12.3.jar;D:\Users\Temp\.m2\repository\org\asynchttpclient\async-http-client-netty-utils\2.12.3\async-http-client-netty-utils-2.12.3.jar;D:\Users\Temp\.m2\repository\io\netty\netty-codec-socks\4.1.60.Final\netty-codec-socks-4.1.60.Final.jar;D:\Users\Temp\.m2\repository\io\netty\netty-handler-proxy\4.1.60.Final\netty-handler-proxy-4.1.60.Final.jar;D:\Users\Temp\.m2\repository\io\netty\netty-transport-native-epoll\4.1.60.Final\netty-transport-native-epoll-4.1.60.Final-linux-x86_64.jar;D:\Users\Temp\.m2\repository\io\netty\netty-transport-native-kqueue\4.1.60.Final\netty-transport-native-kqueue-4.1.60.Final-osx-x86_64.jar;D:\Users\Temp\.m2\repository\com\typesafe\netty\netty-reactive-streams\2.0.4\netty-reactive-streams-2.0.4.jar;D:\Users\Temp\.m2\repository\org\slf4j\slf4j-api\1.7.30\slf4j-api-1.7.30.jar;D:\Users\Temp\.m2\repository\com\sun\activation\jakarta.activation\1.2.2\jakarta.activation-1.2.2.jar;D:\Users\Temp\.m2\repository\org\seleniumhq\selenium\selenium-http\4.1.1\selenium-http-4.1.1.jar;D:\Users\Temp\.m2\repository\net\jodah\failsafe\2.4.4\failsafe-2.4.4.jar;D:\Users\Temp\.m2\repository\org\seleniumhq\selenium\selenium-safari-driver\4.1.1\selenium-safari-driver-4.1.1.jar;D:\Users\Temp\.m2\repository\org\seleniumhq\selenium\selenium-support\4.1.1\selenium-support-4.1.1.jar;D:\Users\Temp\.m2\repository\io\cucumber\cucumber-picocontainer\7.2.3\cucumber-picocontainer-7.2.3.jar;D:\Users\Temp\.m2\repository\org\picocontainer\picocontainer\2.15\picocontainer-2.15.jar;D:\Users\Temp\.m2\repository\com\aventstack\extentreports\5.0.9\extentreports-5.0.9.jar;D:\Users\Temp\.m2\repository\io\reactivex\rxjava3\rxjava\3.0.4\rxjava-3.0.4.jar;D:\Users\Temp\.m2\repository\org\reactivestreams\reactive-streams\1.0.3\reactive-streams-1.0.3.jar;D:\Users\Temp\.m2\repository\org\freemarker\freemarker\2.3.30\freemarker-2.3.30.jar;D:\Users\Temp\.m2\repository\org\projectlombok\lombok\1.18.12\lombok-1.18.12.jar;D:\Users\Temp\.m2\repository\com\google\code\gson\gson\2.8.6\gson-2.8.6.jar;D:\Users\Temp\.m2\repository\tech\grasshopper\extentreports-cucumber7-adapter\1.2.0\extentreports-cucumber7-adapter-1.2.0.jar;D:\Users\Temp\.m2\repository\tech\grasshopper\extent-pdf-report\1.7.4\extent-pdf-report-1.7.4.jar;D:\Users\Temp\.m2\repository\tech\grasshopper\cucumber-pdf-report\2.2.4\cucumber-pdf-report-2.2.4.jar;D:\Users\Temp\.m2\repository\org\apache\pdfbox\pdfbox\2.0.22\pdfbox-2.0.22.jar;D:\Users\Temp\.m2\repository\org\apache\pdfbox\fontbox\2.0.22\fontbox-2.0.22.jar;D:\Users\Temp\.m2\repository\org\knowm\xchart\xchart\3.8.0\xchart-3.8.0.jar;D:\Users\Temp\.m2\repository\de\erichseifert\vectorgraphics2d\VectorGraphics2D\0.13\VectorGraphics2D-0.13.jar;D:\Users\Temp\.m2\repository\de\rototor\pdfbox\graphics2d\0.30\graphics2d-0.30.jar;D:\Users\Temp\.m2\repository\com\madgag\animated-gif-lib\1.4\animated-gif-lib-1.4.jar;D:\Users\Temp\.m2\repository\org\yaml\snakeyaml\1.28\snakeyaml-1.28.jar;D:\Users\Temp\.m2\repository\tech\grasshopper\table-layout\1.2.0\table-layout-1.2.0.jar;D:\Users\Temp\.m2\repository\org\jsoup\jsoup\1.13.1\jsoup-1.13.1.jar;D:\Users\Temp\.m2\repository\com\aventstack\klov-reporter\5.0.9\klov-reporter-5.0.9.jar;D:\Users\Temp\.m2\repository\org\mongodb\mongodb-driver\3.6.4\mongodb-driver-3.6.4.jar;D:\Users\Temp\.m2\repository\org\mongodb\mongodb-driver-core\3.6.4\mongodb-driver-core-3.6.4.jar;D:\Users\Temp\.m2\repository\org\mongodb\bson\3.6.4\bson-3.6.4.jar;D:\Users\Temp\.m2\repository\org\apache\httpcomponents\httpclient\4.5.13\httpclient-4.5.13.jar;D:\Users\Temp\.m2\repository\org\apache\httpcomponents\httpcore\4.4.13\httpcore-4.4.13.jar;D:\Users\Temp\.m2\repository\commons-logging\commons-logging\1.2\commons-logging-1.2.jar;D:\Users\Temp\.m2\repository\commons-codec\commons-codec\1.11\commons-codec-1.11.jar;D:\Users\Temp\.m2\repository\org\apache\httpcomponents\httpmime\4.5.13\httpmime-4.5.13.jar;D:\Users\Temp\.m2\repository\tech\grasshopper\htmlextentreporter\1.0.0\htmlextentreporter-1.0.0.jar;D:\Users\Temp\.m2\repository\commons-io\commons-io\2.11.0\commons-io-2.11.0.jar;"/>
    <property name="sun.cpu.endian" value="little"/>
    <property name="user.home" value="D:\Users\Temp"/>
    <property name="user.language" value="en"/>
    <property name="java.specification.vendor" value="Oracle Corporation"/>
    <property name="java.home" value="C:\Program Files\Java\jdk1.8.0_221\jre"/>
    <property name="basedir" value="D:\CucumberPractise\Cucumber_Junit"/>
    <property name="file.separator" value="\"/>
    <property name="line.separator" value="&#10;"/>
    <property name="java.vm.specification.vendor" value="Oracle Corporation"/>
    <property name="java.specification.name" value="Java Platform API Specification"/>
    <property name="java.awt.graphicsenv" value="sun.awt.Win32GraphicsEnvironment"/>
    <property name="surefire.real.class.path" value="D:\Users\Temp\AppData\Local\Temp\surefire4639720742165216899\surefirebooter5738984093188601307.jar"/>
    <property name="sun.boot.class.path" value="C:\Program Files\Java\jdk1.8.0_221\jre\lib\resources.jar;C:\Program Files\Java\jdk1.8.0_221\jre\lib\rt.jar;C:\Program Files\Java\jdk1.8.0_221\jre\lib\sunrsasign.jar;C:\Program Files\Java\jdk1.8.0_221\jre\lib\jsse.jar;C:\Program Files\Java\jdk1.8.0_221\jre\lib\jce.jar;C:\Program Files\Java\jdk1.8.0_221\jre\lib\charsets.jar;C:\Program Files\Java\jdk1.8.0_221\jre\lib\jfr.jar;C:\Program Files\Java\jdk1.8.0_221\jre\classes"/>
    <property name="user.script" value=""/>
    <property name="sun.management.compiler" value="HotSpot 64-Bit Tiered Compilers"/>
    <property name="java.runtime.version" value="1.8.0_221-b11"/>
    <property name="user.name" value="Temp"/>
    <property name="path.separator" value=";"/>
    <property name="os.version" value="10.0"/>
    <property name="java.endorsed.dirs" value="C:\Program Files\Java\jdk1.8.0_221\jre\lib\endorsed"/>
    <property name="java.runtime.name" value="Java(TM) SE Runtime Environment"/>
    <property name="file.encoding" value="Cp1252"/>
    <property name="sun.nio.ch.bugLevel" value=""/>
    <property name="java.vm.name" value="Java HotSpot(TM) 64-Bit Server VM"/>
    <property name="localRepository" value="D:\Users\Temp\.m2\repository"/>
    <property name="java.vendor.url.bug" value="http://bugreport.sun.com/bugreport/"/>
    <property name="java.io.tmpdir" value="D:\Users\Temp\AppData\Local\Temp\"/>
    <property name="java.version" value="1.8.0_221"/>
    <property name="user.dir" value="D:\CucumberPractise\Cucumber_Junit"/>
    <property name="os.arch" value="amd64"/>
    <property name="java.vm.specification.name" value="Java Virtual Machine Specification"/>
    <property name="java.awt.printerjob" value="sun.awt.windows.WPrinterJob"/>
    <property name="sun.os.patch.level" value=""/>
    <property name="java.library.path" value="C:\Program Files\Java\jdk1.8.0_221\jre\bin;C:\WINDOWS\Sun\Java\bin;C:\WINDOWS\system32;C:\WINDOWS;C:\Program Files (x86)\TRICENTIS\Tosca Testsuite\ToscaCommander;;C:\Program Files (x86)\TRICENTIS\Tosca Testsuite\Classic;C:\Program Files (x86)\TRICENTIS\Tosca Testsuite\Classic\dll;C:\Program Files (x86)\TRICENTIS\Tosca Testsuite\Classic\dll\GuptaEngine;C:\Program Files (x86)\TRICENTIS\Tosca Testsuite\ToscaCommander;C:\Program Files (x86)\TRICENTIS\Tosca Testsuite\Classic\dll\DelphiEngine;C:\Program Files (x86)\TRICENTIS\Tosca Testsuite\Classic\dll\PBEngine;C:\Program Files (x86)\TRICENTIS\Tosca Testsuite\Classic\dll\VBEngine;C:\Program Files (x86)\TRICENTIS\Tosca Testsuite\Classic\dll\DotNetHooking;;C:\Python39\Scripts\;C:\Python39\;C:\Program Files (x86)\Common Files\Oracle\Java\javapath;C:\WINDOWS\system32;C:\WINDOWS;C:\WINDOWS\System32\Wbem;C:\WINDOWS\System32\WindowsPowerShell\v1.0\;C:\Program Files\Microsoft SQL Server\110\Tools\Binn\;C:\Program Files (x86)\Microsoft SQL Server\110\Tools\Binn\ManagementStudio\;C:\Program Files (x86)\Microsoft SQL Server\110\Tools\Binn\;C:\Program Files (x86)\Microsoft Visual Studio 10.0\Common7\IDE\PrivateAssemblies\;C:\Program Files (x86)\Microsoft SQL Server\110\DTS\Binn\;C:\Program Files\Microsoft SQL Server\110\DTS\Binn\;C:\Program Files\TortoiseHg\;C:\Program Files\Java\jdk1.8.0_221\bin;C:\apache-maven-3.5.2\bin;C:\Program Files (x86)\Appium;D:\AndroidSDK\platform-tools;D:\AndroidSDK\tools;D:\AndroidSDK\build-tools\23.0.3;C:\WINDOWS\System32\OpenSSH\;C:\Program Files\OpenSSH-Win64;C:\ProgramData\chocolatey\bin;C:\Program Files\nodejs\;D:\Users\Temp\AppData\Local\Android\Sdk\platform-tools;D:\Users\Temp\AppData\Local\Android\Sdk\platforms;C:\Program Files\PuTTY\;D:\Users\Temp\AppData\Local\Microsoft\WindowsApps;D:\Users\Temp\AppData\Local\Programs\appium-desktop;C:\Program Files\nodejs\node_modules\npm\bin;D:\Users\Temp\AppData\Local\Programs\Microsoft VS Code\bin;D:\Users\Temp\AppData\Local\GitHubDesktop\bin;D:\Users\Temp\AppData\Local\Programs\Git\cmd;D:\Users\Temp\AppData\Local\Microsoft\WindowsApps;D:\Users\Temp\AppData\Roaming\npm;."/>
    <property name="java.vm.info" value="mixed mode"/>
    <property name="java.vendor" value="Oracle Corporation"/>
    <property name="java.vm.version" value="25.221-b11"/>
    <property name="java.ext.dirs" value="C:\Program Files\Java\jdk1.8.0_221\jre\lib\ext;C:\WINDOWS\Sun\Java\lib\ext"/>
    <property name="sun.io.unicode.encoding" value="UnicodeLittle"/>
    <property name="java.class.version" value="52.0"/>
  </properties>
  <testcase name="Search Experience for product search in both home and Offers page #1" classname="Search and Place the order for Products" time="28.911"/>
  <testcase name="Search Experience for product search in both home and Offers page #2" classname="Search and Place the order for Products" time="12.536">
    <failure message="expected:&lt;[No data]&gt; but was:&lt;[Beetroot]&gt;" type="org.junit.ComparisonFailure"><![CDATA[org.junit.ComparisonFailure: expected:<[No data]> but was:<[Beetroot]>
]]></failure>
    <system-out><![CDATA[Beetroot is extracted from home page
]]></system-out>
    <system-err><![CDATA[Starting ChromeDriver 98.0.4758.102 (273bf7ac8c909cde36982d27f66f3c70846a3718-refs/branch-heads/4758@{#1151}) on port 61661
Only local connections are allowed.
Please see https://chromedriver.chromium.org/security-considerations for suggestions on keeping ChromeDriver safe.
ChromeDriver was started successfully.
[1648626479.492][WARNING]: This version of ChromeDriver has not been tested with Chrome version 99.
Mar 30, 2022 1:17:59 PM org.openqa.selenium.remote.ProtocolHandshake createSession
INFO: Detected dialect: W3C
Mar 30, 2022 1:17:59 PM org.openqa.selenium.devtools.CdpVersionFinder findNearestMatch
WARNING: Unable to find an exact match for CDP version 99, so returning the closest version found: 96
Mar 30, 2022 1:17:59 PM org.openqa.selenium.devtools.CdpVersionFinder findNearestMatch
INFO: Found CDP implementation for version 99 of 96
]]></system-err>
  </testcase>
</testsuite>