<?xml version="1.0" encoding="UTF-8"?>
<!-- Generated by org.testng.reporters.JUnitReportReporter -->
<testsuite skipped="0" hostname="AQMIT-DSK-10159" name="cucumberOptions.TestNGTestRunner" tests="1" failures="0" timestamp="2022-03-30T12:30:29 IST" time="18.987" errors="0">
  <testcase name="runScenario" time="18.987" classname="cucumberOptions.TestNGTestRunner"/>
  <system-out/>
</testsuite> <!-- cucumberOptions.TestNGTestRunner -->
